Using pre-set license
Built from '2020.3/staging' branch; Version is '2020.3.26f1 (7298b473bc1a) revision 7510196'; Using compiler version '192528614'; Build Type 'Release'
OS: 'Windows 10  (10.0.19042) 64bit Professional' Language: 'pt' Physical Memory: 6072 MB
BatchMode: 1, IsHumanControllingUs: 0, StartBugReporterOnCrash: 0, Is64bit: 1, IsPro: 0

COMMAND LINE ARGUMENTS:
C:\Program Files\Unity\Hub\Editor\2020.3.26f1\Editor\Unity.exe
-adb2
-batchMode
-noUpm
-name
AssetImportWorker0
-projectPath
C:/Users/RIG-01/Desktop/RUN2
-logFile
Logs/AssetImportWorker0.log
-srvPort
63186
Successfully changed project path to: C:/Users/RIG-01/Desktop/RUN2
C:/Users/RIG-01/Desktop/RUN2
Using Asset Import Pipeline V2.
Refreshing native plugins compatible for Editor in 429.01 ms, found 2 plugins.
Preloading 0 native plugins for Editor in 0.00 ms.
Initialize engine version: 2020.3.26f1 (7298b473bc1a)
[Subsystems] Discovering subsystems at path C:/Program Files/Unity/Hub/Editor/2020.3.26f1/Editor/Data/Resources/UnitySubsystems
[Subsystems] Discovering subsystems at path C:/Users/RIG-01/Desktop/RUN2/Assets
GfxDevice: creating device client; threaded=0
Direct3D:
    Version:  Direct3D 11.0 [level 11.1]
    Renderer: AMD Radeon(TM) RX Vega 11 Graphics (ID=0x15d8)
    Vendor:   
    VRAM:     3036 MB
    Driver:   30.0.13033.5003
Initialize mono
Mono path[0] = 'C:/Program Files/Unity/Hub/Editor/2020.3.26f1/Editor/Data/Managed'
Mono path[1] = 'C:/Program Files/Unity/Hub/Editor/2020.3.26f1/Editor/Data/MonoBleedingEdge/lib/mono/unityjit'
Mono config path = 'C:/Program Files/Unity/Hub/Editor/2020.3.26f1/Editor/Data/MonoBleedingEdge/etc'
Using monoOptions --debugger-agent=transport=dt_socket,embedding=1,server=y,suspend=n,address=127.0.0.1:56772
Begin MonoManager ReloadAssembly
Registering precompiled unity dll's ...
Register platform support module: C:/Program Files/Unity/Hub/Editor/2020.3.26f1/Editor/Data/PlaybackEngines/WebGLSupport/UnityEditor.WebGL.Extensions.dll
Register platform support module: C:/Program Files/Unity/Hub/Editor/2020.3.26f1/Editor/Data/PlaybackEngines/WindowsStandaloneSupport/UnityEditor.WindowsStandalone.Extensions.dll
Registered in 0.007403 seconds.
Native extension for WindowsStandalone target not found
Native extension for WebGL target not found
Refreshing native plugins compatible for Editor in 155.79 ms, found 2 plugins.
Preloading 0 native plugins for Editor in 0.00 ms.
Mono: successfully reloaded assembly
- Completed reload, in  1.133 seconds
Domain Reload Profiling:
	ReloadAssembly (1134ms)
		BeginReloadAssembly (119ms)
			ExecutionOrderSort (0ms)
			DisableScriptedObjects (0ms)
			BackupInstance (0ms)
			ReleaseScriptingObjects (0ms)
			CreateAndSetChildDomain (2ms)
		EndReloadAssembly (877ms)
			LoadAssemblies (115ms)
			RebuildTransferFunctionScriptingTraits (1ms)
			SetupTypeCache (257ms)
			ReleaseScriptCaches (0ms)
			RebuildScriptCaches (58ms)
			SetupLoadedEditorAssemblies (348ms)
				LogAssemblyErrors (0ms)
				InitializePlatformSupportModulesInManaged (23ms)
				SetLoadedEditorAssemblies (1ms)
				RefreshPlugins (156ms)
				BeforeProcessingInitializeOnLoad (12ms)
				ProcessInitializeOnLoadAttributes (110ms)
				ProcessInitializeOnLoadMethodAttributes (46ms)
				AfterProcessingInitializeOnLoad (0ms)
				EditorAssembliesLoaded (0ms)
			ExecutionOrderSort2 (0ms)
			AwakeInstancesAfterBackupRestoration (0ms)
Platform modules already initialized, skipping
Registering precompiled user dll's ...
Registered in 0.041684 seconds.
Begin MonoManager ReloadAssembly
Native extension for WindowsStandalone target not found
Native extension for WebGL target not found
Refreshing native plugins compatible for Editor in 120.09 ms, found 2 plugins.
Preloading 0 native plugins for Editor in 0.00 ms.
Mono: successfully reloaded assembly
- Completed reload, in  2.103 seconds
Domain Reload Profiling:
	ReloadAssembly (2105ms)
		BeginReloadAssembly (215ms)
			ExecutionOrderSort (0ms)
			DisableScriptedObjects (8ms)
			BackupInstance (0ms)
			ReleaseScriptingObjects (0ms)
			CreateAndSetChildDomain (24ms)
		EndReloadAssembly (1782ms)
			LoadAssemblies (279ms)
			RebuildTransferFunctionScriptingTraits (0ms)
			SetupTypeCache (534ms)
			ReleaseScriptCaches (1ms)
			RebuildScriptCaches (79ms)
			SetupLoadedEditorAssemblies (727ms)
				LogAssemblyErrors (0ms)
				InitializePlatformSupportModulesInManaged (7ms)
				SetLoadedEditorAssemblies (0ms)
				RefreshPlugins (120ms)
				BeforeProcessingInitializeOnLoad (128ms)
				ProcessInitializeOnLoadAttributes (397ms)
				ProcessInitializeOnLoadMethodAttributes (64ms)
				AfterProcessingInitializeOnLoad (10ms)
				EditorAssembliesLoaded (0ms)
			ExecutionOrderSort2 (0ms)
			AwakeInstancesAfterBackupRestoration (9ms)
Platform modules already initialized, skipping
========================================================================
Worker process is ready to serve import requests
Launched and connected shader compiler UnityShaderCompiler.exe after 0.05 seconds
Refreshing native plugins compatible for Editor in 1.45 ms, found 2 plugins.
Preloading 0 native plugins for Editor in 0.00 ms.
Unloading 3921 Unused Serialized files (Serialized files now loaded: 0)
System memory in use before: 170.6 MB.
System memory in use after: 170.8 MB.

Unloading 66 unused Assets to reduce memory usage. Loaded Objects now: 4330.
Total: 15.013200 ms (FindLiveObjects: 0.379900 ms CreateObjectMapping: 0.122100 ms MarkObjects: 14.238000 ms  DeleteObjects: 0.268100 ms)

AssetImportParameters requested are different than current active one (requested -> active):
  custom:framework-win-MediaFoundation: 216162199b28c13a410421893ffa2e32 -> 
  custom:video-decoder-ogg-theora: a1e56fd34408186e4bbccfd4996cb3dc -> 
  custom:container-muxer-webm: aa71ff27fc2769a1b78a27578f13a17b -> 
  custom:container-demuxer-webm: 4f35f7cbe854078d1ac9338744f61a02 -> 
  custom:container-demuxer-ogg: 62fdf1f143b41e24485cea50d1cbac27 -> 
  custom:video-encoder-webm-vp8: eb34c28f22e8b96e1ab97ce403110664 -> 
  custom:video-decoder-webm-vp8: 9c59270c3fd7afecdb556c50c9e8de78 -> 
  custom:audio-decoder-ogg-vorbis: bf7c407c2cedff20999df2af8eb42d56 -> 
  custom:audio-encoder-webm-vorbis: bf7c407c2cedff20999df2af8eb42d56 -> 
========================================================================
Received Import Request.
  path: Assets/Scenes/TESTETS.cs
  artifactKey: Guid(02f25a86e82d8af44b84e49652cc4efe) Importer(815301076,1909f56bfc062723c751e8b465ee728b)
Start importing Assets/Scenes/TESTETS.cs using Guid(02f25a86e82d8af44b84e49652cc4efe) Importer(815301076,1909f56bfc062723c751e8b465ee728b)  -> (artifact id: 'e2ba407c06bf1bfa9e5ca7d3520616c9') in 0.047311 seconds 
  Import took 0.058194 seconds .

========================================================================
Received Import Request.
  Time since last request: 0.241269 seconds.
  path: Assets/Scenes/Bateria.prefab
  artifactKey: Guid(d8e80162ab0083b4e95c1ab79dab1056) Importer(815301076,1909f56bfc062723c751e8b465ee728b)
Start importing Assets/Scenes/Bateria.prefab using Guid(d8e80162ab0083b4e95c1ab79dab1056) Importer(815301076,1909f56bfc062723c751e8b465ee728b)  -> (artifact id: 'a371adebb7b6a253e2bd8246e94e1e3a') in 0.066322 seconds 
  Import took 0.074577 seconds .

========================================================================
Received Import Request.
  Time since last request: 105.388914 seconds.
  path: Assets/Scenes/Boss.unity
  artifactKey: Guid(59668e88417117e44a739b30677e4a77) Importer(815301076,1909f56bfc062723c751e8b465ee728b)
Start importing Assets/Scenes/Boss.unity using Guid(59668e88417117e44a739b30677e4a77) Importer(815301076,1909f56bfc062723c751e8b465ee728b)  -> (artifact id: '8f3c3f39cbb614741b35f0a445d94c18') in 0.007582 seconds 
  Import took 0.019154 seconds .

========================================================================
Received Import Request.
  Time since last request: 27.751634 seconds.
  path: Assets/Scenes/Menu 3D.unity
  artifactKey: Guid(fa0913115ac1d4fba8b9d10280f4b04d) Importer(815301076,1909f56bfc062723c751e8b465ee728b)
Start importing Assets/Scenes/Menu 3D.unity using Guid(fa0913115ac1d4fba8b9d10280f4b04d) Importer(815301076,1909f56bfc062723c751e8b465ee728b)  -> (artifact id: '56edeb7a61d5e6563cbb0c6e5c161326') in 0.005679 seconds 
  Import took 0.013980 seconds .

========================================================================
Received Import Request.
  Time since last request: 15.081382 seconds.
  path: Assets/Scenes/Menu.unity
  artifactKey: Guid(c6c9ab9cbbf3be14ea87e7ab5c42b71e) Importer(815301076,1909f56bfc062723c751e8b465ee728b)
Start importing Assets/Scenes/Menu.unity using Guid(c6c9ab9cbbf3be14ea87e7ab5c42b71e) Importer(815301076,1909f56bfc062723c751e8b465ee728b)  -> (artifact id: '409c12dea4bc84b144b3650ff01ed0ab') in 0.004070 seconds 
  Import took 0.011007 seconds .

========================================================================
Received Import Request.
  Time since last request: 246.562615 seconds.
  path: Assets/Particle Dissolve Shader by Moonflower Carnivore/Cameras/Camera.prefab
  artifactKey: Guid(ff3468df767ca784b87dc810a8963a12) Importer(815301076,1909f56bfc062723c751e8b465ee728b)
Start importing Assets/Particle Dissolve Shader by Moonflower Carnivore/Cameras/Camera.prefab using Guid(ff3468df767ca784b87dc810a8963a12) Importer(815301076,1909f56bfc062723c751e8b465ee728b)  -> (artifact id: '72b6a022908f4c3eb360d6acd1b6bde3') in 0.009236 seconds 
  Import took 0.018975 seconds .

========================================================================
Received Import Request.
  Time since last request: 22.084692 seconds.
  path: Assets/Scenes/Cena_Inicial.unity
  artifactKey: Guid(44553e92adf33f14e94cf6fb9bc84f92) Importer(815301076,1909f56bfc062723c751e8b465ee728b)
Start importing Assets/Scenes/Cena_Inicial.unity using Guid(44553e92adf33f14e94cf6fb9bc84f92) Importer(815301076,1909f56bfc062723c751e8b465ee728b)  -> (artifact id: 'cee0a86eabc5466065ce410104f78b75') in 0.004081 seconds 
  Import took 0.011290 seconds .

========================================================================
Received Import Request.
  Time since last request: 5.380683 seconds.
  path: Assets/Scenes/TESTE DE BOSS.unity
  artifactKey: Guid(563d8e1b34b54fa44b69ebab3cf6d4d3) Importer(815301076,1909f56bfc062723c751e8b465ee728b)
Start importing Assets/Scenes/TESTE DE BOSS.unity using Guid(563d8e1b34b54fa44b69ebab3cf6d4d3) Importer(815301076,1909f56bfc062723c751e8b465ee728b)  -> (artifact id: '639524a7b416ae78c19cf40dce6b2d88') in 0.003980 seconds 
  Import took 0.010850 seconds .

========================================================================
Received Import Request.
  Time since last request: 3.418844 seconds.
  path: Assets/Scenes/Space.unity
  artifactKey: Guid(cd8463f393882794ea78912d2d14ff02) Importer(815301076,1909f56bfc062723c751e8b465ee728b)
Start importing Assets/Scenes/Space.unity using Guid(cd8463f393882794ea78912d2d14ff02) Importer(815301076,1909f56bfc062723c751e8b465ee728b)  -> (artifact id: 'baa027a65ef7c83fabcd283de8805792') in 0.004211 seconds 
  Import took 0.011787 seconds .

========================================================================
Received Import Request.
  Time since last request: 7.109855 seconds.
  path: Assets/Scenes/Level3.unity
  artifactKey: Guid(abe160bd4a485184ebdba761022c374a) Importer(815301076,1909f56bfc062723c751e8b465ee728b)
Start importing Assets/Scenes/Level3.unity using Guid(abe160bd4a485184ebdba761022c374a) Importer(815301076,1909f56bfc062723c751e8b465ee728b)  -> (artifact id: '4b0074cb94bd4a24eec42131467e7ad6') in 0.003790 seconds 
  Import took 0.010746 seconds .

========================================================================
Received Import Request.
  Time since last request: 27.185026 seconds.
  path: Assets/Scenes/Menu.unity
  artifactKey: Guid(c6c9ab9cbbf3be14ea87e7ab5c42b71e) Importer(815301076,1909f56bfc062723c751e8b465ee728b)
Start importing Assets/Scenes/Menu.unity using Guid(c6c9ab9cbbf3be14ea87e7ab5c42b71e) Importer(815301076,1909f56bfc062723c751e8b465ee728b)  -> (artifact id: '01e684199249222ce6e3aa8ea3ee839e') in 0.004052 seconds 
  Import took 0.012238 seconds .

AssetImportWorkerClient::OnTransportError - code=2 error=End of file
